[debug] [2021-03-26T02:22:00.778Z] ----------------------------------------------------------------------
[debug] [2021-03-26T02:22:00.780Z] Command:       /usr/local/bin/firebase /Users/vivyannjo/.cache/firebase/tools/lib/node_modules/firebase-tools/lib/bin/firebase init hosting:github
[debug] [2021-03-26T02:22:00.780Z] CLI Version:   9.5.0
[debug] [2021-03-26T02:22:00.780Z] Platform:      darwin
[debug] [2021-03-26T02:22:00.781Z] Node Version:  v12.18.1
[debug] [2021-03-26T02:22:00.787Z] Time:          Fri Mar 26 2021 10:22:00 GMT+0800 (Singapore Standard Time)
[debug] [2021-03-26T02:22:00.787Z] ----------------------------------------------------------------------
[debug] [2021-03-26T02:22:00.787Z] 
[debug] [2021-03-26T02:22:00.790Z] >>> [apiv2][query] GET https://firebase-public.firebaseio.com/cli.json [none]
[debug] [2021-03-26T02:22:00.803Z] > command requires scopes: ["email","openid","https://www.googleapis.com/auth/cloudplatformprojects.readonly","https://www.googleapis.com/auth/firebase","https://www.googleapis.com/auth/cloud-platform"]
[debug] [2021-03-26T02:22:00.803Z] > authorizing via signed-in user
[info] 
     ######## #### ########  ######## ########     ###     ######  ########
     ##        ##  ##     ## ##       ##     ##  ##   ##  ##       ##
     ######    ##  ########  ######   ########  #########  ######  ######
     ##        ##  ##    ##  ##       ##     ## ##     ##       ## ##
     ##       #### ##     ## ######## ########  ##     ##  ######  ########

You're about to initialize a Firebase project in this directory:

  /Users/vivyannjo/my-foodie

Before we get started, keep in mind:

  * You are initializing in an existing Firebase project directory

[info] 
=== Project Setup
[info] 
[info] First, let's associate this project directory with a Firebase project.
[info] You can create multiple project aliases by running firebase use --add, 
[info] but for now we'll just set up a default project.
[info] 
[info] i  .firebaserc already has a default project, using my-foodie-b1438. 
[debug] [2021-03-26T02:22:00.809Z] > refreshing access token with scopes: []
[debug] [2021-03-26T02:22:00.810Z] >>> HTTP REQUEST POST https://www.googleapis.com/oauth2/v3/token  
 <request body omitted>
[debug] [2021-03-26T02:22:01.208Z] <<< HTTP RESPONSE 200 {"cache-control":"no-cache, no-store, max-age=0, must-revalidate","pragma":"no-cache","expires":"Mon, 01 Jan 1990 00:00:00 GMT","date":"Fri, 26 Mar 2021 02:22:01 GMT","content-type":"application/json; charset=utf-8","vary":"X-Origin, Referer, Origin,Accept-Encoding","server":"scaffolding on HTTPServer2","x-xss-protection":"0","x-frame-options":"SAMEORIGIN","x-content-type-options":"nosniff","alt-svc":"h3-29=\":443\"; ma=2592000,h3-T051=\":443\"; ma=2592000,h3-Q050=\":443\"; ma=2592000,h3-Q046=\":443\"; ma=2592000,h3-Q043=\":443\"; ma=2592000,quic=\":443\"; ma=2592000; v=\"46,43\"","accept-ranges":"none","transfer-encoding":"chunked"}
[debug] [2021-03-26T02:22:01.229Z] >>> [apiv2][query] GET https://firebase.googleapis.com/v1beta1/projects/my-foodie-b1438 [none]
[debug] [2021-03-26T02:22:02.441Z] <<< [apiv2][status] GET https://firebase.googleapis.com/v1beta1/projects/my-foodie-b1438 200
[debug] [2021-03-26T02:22:02.441Z] <<< [apiv2][body] GET https://firebase.googleapis.com/v1beta1/projects/my-foodie-b1438 {"projectId":"my-foodie-b1438","projectNumber":"927140628595","displayName":"my-foodie","name":"projects/my-foodie-b1438","resources":{"hostingSite":"my-foodie-b1438","storageBucket":"my-foodie-b1438.appspot.com","locationId":"asia-northeast2"},"state":"ACTIVE"}
[info] 
=== Hosting:github Setup
[info] 
[info] i  Detected a .git folder at /Users/vivyannjo/my-foodie 
[info] i  Authorizing with GitHub to upload your service account to a GitHub repository's secrets store. 
[info] 
[info] Visit this URL on this device to log in:
[info] https://github.com/login/oauth/authorize?client_id=89cf50f02ac6aaed3484&state=709912040&redirect_uri=http%3A%2F%2Flocalhost%3A9005&scope=read%3Auser%20repo%20public_repo
[info] 
[info] Waiting for authentication...
[debug] [2021-03-26T02:22:02.458Z] <<< [apiv2][status] GET https://firebase-public.firebaseio.com/cli.json 200
[debug] [2021-03-26T02:22:02.459Z] <<< [apiv2][body] GET https://firebase-public.firebaseio.com/cli.json {"cloudBuildErrorAfter":1594252800000,"cloudBuildWarnAfter":1590019200000,"defaultNode10After":1594252800000,"minVersion":"3.0.5","node8DeploysDisabledAfter":1613390400000,"node8RuntimeDisabledAfter":1615809600000,"node8WarnAfter":1600128000000}
[debug] [2021-03-26T02:22:03.416Z] >>> HTTP REQUEST POST https://github.com/login/oauth/access_token  
 {"client_id":"89cf50f02ac6aaed3484","client_secret":"3330d14abc895d9a74d5f17cd7a00711fa2c5bf0","code":"767af4b924c61cfffdeb","redirect_uri":"http://localhost:9005","state":"709912040"}
[debug] [2021-03-26T02:22:03.834Z] <<< HTTP RESPONSE 200 {"server":"GitHub.com","date":"Fri, 26 Mar 2021 02:22:03 GMT","content-type":"application/json; charset=utf-8","transfer-encoding":"chunked","vary":"X-PJAX, Accept-Encoding, Accept, X-Requested-With","etag":"W/\"c2c675b8c88a27966fc4d76343323dae\"","cache-control":"max-age=0, private, must-revalidate","strict-transport-security":"max-age=31536000; includeSubdomains; preload","x-frame-options":"deny","x-content-type-options":"nosniff","x-xss-protection":"0","referrer-policy":"origin-when-cross-origin, strict-origin-when-cross-origin","expect-ct":"max-age=2592000, report-uri=\"https://api.github.com/_private/browser/errors\"","content-security-policy":"default-src 'none'; base-uri 'self'; block-all-mixed-content; connect-src 'self' uploads.github.com www.githubstatus.com collector.githubapp.com api.github.com github-cloud.s3.amazonaws.com github-production-repository-file-5c1aeb.s3.amazonaws.com github-production-upload-manifest-file-7fdce7.s3.amazonaws.com github-production-user-asset-6210df.s3.amazonaws.com cdn.optimizely.com logx.optimizely.com/v1/events wss://alive.github.com; font-src github.githubassets.com; form-action 'self' github.com gist.github.com; frame-ancestors 'none'; frame-src render.githubusercontent.com; img-src 'self' data: github.githubassets.com identicons.github.com collector.githubapp.com github-cloud.s3.amazonaws.com secured-user-images.githubusercontent.com/ *.githubusercontent.com; manifest-src 'self'; media-src 'none'; script-src github.githubassets.com; style-src 'unsafe-inline' github.githubassets.com; worker-src github.com/socket-worker-6832eced.js gist.github.com/socket-worker-6832eced.js","x-github-request-id":"C201:551E:833968:9344D0:605D454B"}
[debug] [2021-03-26T02:22:03.839Z] >>> [apiv2][query] GET https://api.github.com/user [none]
[debug] [2021-03-26T02:22:04.283Z] <<< [apiv2][status] GET https://api.github.com/user 200
[debug] [2021-03-26T02:22:04.283Z] <<< [apiv2][body] GET https://api.github.com/user {"login":"lourdesiavivyan","id":59229010,"node_id":"MDQ6VXNlcjU5MjI5MDEw","avatar_url":"https://avatars.githubusercontent.com/u/59229010?v=4","gravatar_id":"","url":"https://api.github.com/users/lourdesiavivyan","html_url":"https://github.com/lourdesiavivyan","followers_url":"https://api.github.com/users/lourdesiavivyan/followers","following_url":"https://api.github.com/users/lourdesiavivyan/following{/other_user}","gists_url":"https://api.github.com/users/lourdesiavivyan/gists{/gist_id}","starred_url":"https://api.github.com/users/lourdesiavivyan/starred{/owner}{/repo}","subscriptions_url":"https://api.github.com/users/lourdesiavivyan/subscriptions","organizations_url":"https://api.github.com/users/lourdesiavivyan/orgs","repos_url":"https://api.github.com/users/lourdesiavivyan/repos","events_url":"https://api.github.com/users/lourdesiavivyan/events{/privacy}","received_events_url":"https://api.github.com/users/lourdesiavivyan/received_events","type":"User","site_admin":false,"name":"Lourdesia Vivyan","company":null,"blog":"","location":null,"email":null,"hireable":null,"bio":null,"twitter_username":null,"public_repos":5,"public_gists":0,"followers":0,"following":0,"created_at":"2019-12-25T14:28:14Z","updated_at":"2021-03-26T02:10:54Z","private_gists":0,"total_private_repos":0,"owned_private_repos":0,"disk_usage":2095,"collaborators":0,"two_factor_authentication":false,"plan":{"name":"free","space":976562499,"collaborators":0,"private_repos":10000}}
[info] 
[info] ✔  Success! Logged into GitHub as lourdesiavivyan 
[info] 
